This is pdfTeX, Version 3.141592653-2.6-1.40.22 (TeX Live 2022/dev/Debian) (preloaded format=pdflatex 2024.4.7)  8 AUG 2024 10:13
entering extended mode
 restricted \write18 enabled.
 %&-line parsing enabled.
**_main.tex
(./_main.tex
LaTeX2e <2021-11-15> patch level 1
L3 programming layer <2022-01-21> (/usr/share/texlive/texmf-dist/tex/latex/base
/book.cls
Document Class: book 2021/10/04 v1.4n Standard LaTeX document class
(/usr/share/texlive/texmf-dist/tex/latex/base/bk10.clo
File: bk10.clo 2021/10/04 v1.4n Standard LaTeX file (size option)
)
\c@part=\count185
\c@chapter=\count186
\c@section=\count187
\c@subsection=\count188
\c@subsubsection=\count189
\c@paragraph=\count190
\c@subparagraph=\count191
\c@figure=\count192
\c@table=\count193
\abovecaptionskip=\skip47
\belowcaptionskip=\skip48
\bibindent=\dimen138
) (/usr/share/texlive/texmf-dist/tex/latex/amsmath/amsmath.sty
Package: amsmath 2021/10/15 v2.17l AMS math features
\@mathmargin=\skip49
For additional information on amsmath, use the `?' option.
(/usr/share/texlive/texmf-dist/tex/latex/amsmath/amstext.sty
Package: amstext 2021/08/26 v2.01 AMS text
(/usr/share/texlive/texmf-dist/tex/latex/amsmath/amsgen.sty
File: amsgen.sty 1999/11/30 v2.0 generic functions
\@emptytoks=\toks16
\ex@=\dimen139
)) (/usr/share/texlive/texmf-dist/tex/latex/amsmath/amsbsy.sty
Package: amsbsy 1999/11/29 v1.2d Bold Symbols
\pmbraise@=\dimen140
) (/usr/share/texlive/texmf-dist/tex/latex/amsmath/amsopn.sty
Package: amsopn 2021/08/26 v2.02 operator names
)
\inf@bad=\count194
LaTeX Info: Redefining \frac on input line 234.
\uproot@=\count195
\leftroot@=\count196
LaTeX Info: Redefining \overline on input line 399.
\classnum@=\count197
\DOTSCASE@=\count198
LaTeX Info: Redefining \ldots on input line 496.
LaTeX Info: Redefining \dots on input line 499.
LaTeX Info: Redefining \cdots on input line 620.
\Mathstrutbox@=\box50
\strutbox@=\box51
\big@size=\dimen141
LaTeX Font Info:    Redeclaring font encoding OML on input line 743.
LaTeX Font Info:    Redeclaring font encoding OMS on input line 744.
\macc@depth=\count199
\c@MaxMatrixCols=\count266
\dotsspace@=\muskip16
\c@parentequation=\count267
\dspbrk@lvl=\count268
\tag@help=\toks17
\row@=\count269
\column@=\count270
\maxfields@=\count271
\andhelp@=\toks18
\eqnshift@=\dimen142
\alignsep@=\dimen143
\tagshift@=\dimen144
\tagwidth@=\dimen145
\totwidth@=\dimen146
\lineht@=\dimen147
\@envbody=\toks19
\multlinegap=\skip50
\multlinetaggap=\skip51
\mathdisplay@stack=\toks20
LaTeX Info: Redefining \[ on input line 2938.
LaTeX Info: Redefining \] on input line 2939.
) (/usr/share/texlive/texmf-dist/tex/latex/amsfonts/amssymb.sty
Package: amssymb 2013/01/14 v3.01 AMS font symbols
(/usr/share/texlive/texmf-dist/tex/latex/amsfonts/amsfonts.sty
Package: amsfonts 2013/01/14 v3.01 Basic AMSFonts support
\symAMSa=\mathgroup4
\symAMSb=\mathgroup5
LaTeX Font Info:    Redeclaring math symbol \hbar on input line 98.
LaTeX Font Info:    Overwriting math alphabet `\mathfrak' in version `bold'
(Font)                  U/euf/m/n --> U/euf/b/n on input line 106.
)) (/usr/share/texlive/texmf-dist/tex/generic/iftex/iftex.sty
Package: iftex 2020/03/06 v1.0d TeX engine tests
) (/usr/share/texlive/texmf-dist/tex/latex/base/fontenc.sty
Package: fontenc 2021/04/29 v2.0v Standard LaTeX package
) (/usr/share/texlive/texmf-dist/tex/latex/base/inputenc.sty
Package: inputenc 2021/02/14 v1.3d Input encoding file
\inpenc@prehook=\toks21
\inpenc@posthook=\toks22
) (/usr/share/texlive/texmf-dist/tex/latex/base/textcomp.sty
Package: textcomp 2020/02/02 v2.0n Standard LaTeX package
) (/usr/share/texmf/tex/latex/lm/lmodern.sty
Package: lmodern 2009/10/30 v1.6 Latin Modern Fonts
LaTeX Font Info:    Overwriting symbol font `operators' in version `normal'
(Font)                  OT1/cmr/m/n --> OT1/lmr/m/n on input line 22.
LaTeX Font Info:    Overwriting symbol font `letters' in version `normal'
(Font)                  OML/cmm/m/it --> OML/lmm/m/it on input line 23.
LaTeX Font Info:    Overwriting symbol font `symbols' in version `normal'
(Font)                  OMS/cmsy/m/n --> OMS/lmsy/m/n on input line 24.
LaTeX Font Info:    Overwriting symbol font `largesymbols' in version `normal'
(Font)                  OMX/cmex/m/n --> OMX/lmex/m/n on input line 25.
LaTeX Font Info:    Overwriting symbol font `operators' in version `bold'
(Font)                  OT1/cmr/bx/n --> OT1/lmr/bx/n on input line 26.
LaTeX Font Info:    Overwriting symbol font `letters' in version `bold'
(Font)                  OML/cmm/b/it --> OML/lmm/b/it on input line 27.
LaTeX Font Info:    Overwriting symbol font `symbols' in version `bold'
(Font)                  OMS/cmsy/b/n --> OMS/lmsy/b/n on input line 28.
LaTeX Font Info:    Overwriting symbol font `largesymbols' in version `bold'
(Font)                  OMX/cmex/m/n --> OMX/lmex/m/n on input line 29.
LaTeX Font Info:    Overwriting math alphabet `\mathbf' in version `normal'
(Font)                  OT1/cmr/bx/n --> OT1/lmr/bx/n on input line 31.
LaTeX Font Info:    Overwriting math alphabet `\mathsf' in version `normal'
(Font)                  OT1/cmss/m/n --> OT1/lmss/m/n on input line 32.
LaTeX Font Info:    Overwriting math alphabet `\mathit' in version `normal'
(Font)                  OT1/cmr/m/it --> OT1/lmr/m/it on input line 33.
LaTeX Font Info:    Overwriting math alphabet `\mathtt' in version `normal'
(Font)                  OT1/cmtt/m/n --> OT1/lmtt/m/n on input line 34.
LaTeX Font Info:    Overwriting math alphabet `\mathbf' in version `bold'
(Font)                  OT1/cmr/bx/n --> OT1/lmr/bx/n on input line 35.
LaTeX Font Info:    Overwriting math alphabet `\mathsf' in version `bold'
(Font)                  OT1/cmss/bx/n --> OT1/lmss/bx/n on input line 36.
LaTeX Font Info:    Overwriting math alphabet `\mathit' in version `bold'
(Font)                  OT1/cmr/bx/it --> OT1/lmr/bx/it on input line 37.
LaTeX Font Info:    Overwriting math alphabet `\mathtt' in version `bold'
(Font)                  OT1/cmtt/m/n --> OT1/lmtt/m/n on input line 38.
) (/usr/share/texlive/texmf-dist/tex/latex/upquote/upquote.sty
Package: upquote 2012/04/19 v1.3 upright-quote and grave-accent glyphs in verba
tim
) (/usr/share/texlive/texmf-dist/tex/latex/microtype/microtype.sty
Package: microtype 2021/12/10 v3.0b Micro-typographical refinements (RS)
(/usr/share/texlive/texmf-dist/tex/latex/graphics/keyval.sty
Package: keyval 2014/10/28 v1.15 key=value parser (DPC)
\KV@toks@=\toks23
) (/usr/share/texlive/texmf-dist/tex/latex/etoolbox/etoolbox.sty
Package: etoolbox 2020/10/05 v2.5k e-TeX tools for LaTeX (JAW)
\etb@tempcnta=\count272
)
\MT@toks=\toks24
\MT@count=\count273
\MT@tempbox=\box52
LaTeX Info: Redefining \leftprotrusion on input line 1010.
LaTeX Info: Redefining \rightprotrusion on input line 1018.
LaTeX Info: Redefining \textls on input line 1173.
\MT@outer@kern=\dimen148
LaTeX Info: Redefining \textmicrotypecontext on input line 1759.
\MT@listname@count=\count274
(/usr/share/texlive/texmf-dist/tex/latex/microtype/microtype-pdftex.def
File: microtype-pdftex.def 2021/12/10 v3.0b Definitions specific to pdftex (RS)

LaTeX Info: Redefining \lsstyle on input line 897.
LaTeX Info: Redefining \lslig on input line 897.
\MT@outer@space=\skip52
)
Package microtype Info: Loading configuration file microtype.cfg.
(/usr/share/texlive/texmf-dist/tex/latex/microtype/microtype.cfg
File: microtype.cfg 2021/12/10 v3.0b microtype main configuration file (RS)
)) (/usr/share/texlive/texmf-dist/tex/latex/parskip/parskip.sty
Package: parskip 2021-03-14 v2.0h non-zero parskip adjustments
(/usr/share/texlive/texmf-dist/tex/latex/kvoptions/kvoptions.sty
Package: kvoptions 2020-10-07 v3.14 Key value format for package options (HO)
(/usr/share/texlive/texmf-dist/tex/generic/ltxcmds/ltxcmds.sty
Package: ltxcmds 2020-05-10 v1.25 LaTeX kernel commands for general use (HO)
) (/usr/share/texlive/texmf-dist/tex/generic/kvsetkeys/kvsetkeys.sty
Package: kvsetkeys 2019/12/15 v1.18 Key value parser (HO)
))) (/usr/share/texlive/texmf-dist/tex/latex/xcolor/xcolor.sty
Package: xcolor 2021/10/31 v2.13 LaTeX color extensions (UK)
(/usr/share/texlive/texmf-dist/tex/latex/graphics-cfg/color.cfg
File: color.cfg 2016/01/02 v1.6 sample color configuration
)
Package xcolor Info: Driver file: pdftex.def on input line 227.
(/usr/share/texlive/texmf-dist/tex/latex/graphics-def/pdftex.def
File: pdftex.def 2020/10/05 v1.2a Graphics/color driver for pdftex
)
Package xcolor Info: Model `cmy' substituted by `cmy0' on input line 1352.
Package xcolor Info: Model `hsb' substituted by `rgb' on input line 1356.
Package xcolor Info: Model `RGB' extended on input line 1368.
Package xcolor Info: Model `HTML' substituted by `rgb' on input line 1370.
Package xcolor Info: Model `Hsb' substituted by `hsb' on input line 1371.
Package xcolor Info: Model `tHsb' substituted by `hsb' on input line 1372.
Package xcolor Info: Model `HSB' substituted by `hsb' on input line 1373.
Package xcolor Info: Model `Gray' substituted by `gray' on input line 1374.
Package xcolor Info: Model `wave' substituted by `hsb' on input line 1375.
) (/usr/share/texlive/texmf-dist/tex/latex/fancyvrb/fancyvrb.sty
Package: fancyvrb 2021/12/21 4.1b verbatim text (tvz,hv)
\FV@CodeLineNo=\count275
\FV@InFile=\read2
\FV@TabBox=\box53
\c@FancyVerbLine=\count276
\FV@StepNumber=\count277
\FV@OutFile=\write3
) (/usr/share/texlive/texmf-dist/tex/latex/framed/framed.sty
Package: framed 2011/10/22 v 0.96: framed or shaded text with page breaks
\OuterFrameSep=\skip53
\fb@frw=\dimen149
\fb@frh=\dimen150
\FrameRule=\dimen151
\FrameSep=\dimen152
) (/usr/share/texlive/texmf-dist/tex/latex/tools/longtable.sty
Package: longtable 2021-09-01 v4.17 Multi-page Table package (DPC)
\LTleft=\skip54
\LTright=\skip55
\LTpre=\skip56
\LTpost=\skip57
\LTchunksize=\count278
\LTcapwidth=\dimen153
\LT@head=\box54
\LT@firsthead=\box55
\LT@foot=\box56
\LT@lastfoot=\box57
\LT@gbox=\box58
\LT@cols=\count279
\LT@rows=\count280
\c@LT@tables=\count281
\c@LT@chunks=\count282
\LT@p@ftn=\toks25
) (/usr/share/texlive/texmf-dist/tex/latex/booktabs/booktabs.sty
Package: booktabs 2020/01/12 v1.61803398 Publication quality tables
\heavyrulewidth=\dimen154
\lightrulewidth=\dimen155
\cmidrulewidth=\dimen156
\belowrulesep=\dimen157
\belowbottomsep=\dimen158
\aboverulesep=\dimen159
\abovetopsep=\dimen160
\cmidrulesep=\dimen161
\cmidrulekern=\dimen162
\defaultaddspace=\dimen163
\@cmidla=\count283
\@cmidlb=\count284
\@aboverulesep=\dimen164
\@belowrulesep=\dimen165
\@thisruleclass=\count285
\@lastruleclass=\count286
\@thisrulewidth=\dimen166
) (/usr/share/texlive/texmf-dist/tex/latex/tools/array.sty
Package: array 2021/10/04 v2.5f Tabular extension package (FMi)
\col@sep=\dimen167
\ar@mcellbox=\box59
\extrarowheight=\dimen168
\NC@list=\toks26
\extratabsurround=\skip58
\backup@length=\skip59
\ar@cellbox=\box60
) (/usr/share/texlive/texmf-dist/tex/latex/tools/calc.sty
Package: calc 2017/05/25 v4.3 Infix arithmetic (KKT,FJ)
\calc@Acount=\count287
\calc@Bcount=\count288
\calc@Adimen=\dimen169
\calc@Bdimen=\dimen170
\calc@Askip=\skip60
\calc@Bskip=\skip61
LaTeX Info: Redefining \setlength on input line 80.
LaTeX Info: Redefining \addtolength on input line 81.
\calc@Ccount=\count289
\calc@Cskip=\skip62
) (/usr/share/texlive/texmf-dist/tex/latex/footnotehyper/footnotehyper.sty
Package: footnotehyper 2021/08/13 v1.1e hyperref aware footnote.sty (JFB)
\FNH@notes=\box61
\FNH@width=\dimen171
\FNH@toks=\toks27
) (/usr/share/texlive/texmf-dist/tex/latex/graphics/graphicx.sty
Package: graphicx 2021/09/16 v1.2d Enhanced LaTeX Graphics (DPC,SPQR)
(/usr/share/texlive/texmf-dist/tex/latex/graphics/graphics.sty
Package: graphics 2021/03/04 v1.4d Standard LaTeX Graphics (DPC,SPQR)
(/usr/share/texlive/texmf-dist/tex/latex/graphics/trig.sty
Package: trig 2021/08/11 v1.11 sin cos tan (DPC)
) (/usr/share/texlive/texmf-dist/tex/latex/graphics-cfg/graphics.cfg
File: graphics.cfg 2016/06/04 v1.11 sample graphics configuration
)
Package graphics Info: Driver file: pdftex.def on input line 107.
)
\Gin@req@height=\dimen172
\Gin@req@width=\dimen173
) (/usr/share/texlive/texmf-dist/tex/latex/bookmark/bookmark.sty
Package: bookmark 2020-11-06 v1.29 PDF bookmarks (HO)
(/usr/share/texlive/texmf-dist/tex/latex/hyperref/hyperref.sty
Package: hyperref 2021-06-07 v7.00m Hypertext links for LaTeX
(/usr/share/texlive/texmf-dist/tex/generic/pdftexcmds/pdftexcmds.sty
Package: pdftexcmds 2020-06-27 v0.33 Utility functions of pdfTeX for LuaTeX (HO
)
(/usr/share/texlive/texmf-dist/tex/generic/infwarerr/infwarerr.sty
Package: infwarerr 2019/12/03 v1.5 Providing info/warning/error messages (HO)
)
Package pdftexcmds Info: \pdf@primitive is available.
Package pdftexcmds Info: \pdf@ifprimitive is available.
Package pdftexcmds Info: \pdfdraftmode found.
) (/usr/share/texlive/texmf-dist/tex/generic/kvdefinekeys/kvdefinekeys.sty
Package: kvdefinekeys 2019-12-19 v1.6 Define keys (HO)
) (/usr/share/texlive/texmf-dist/tex/generic/pdfescape/pdfescape.sty
Package: pdfescape 2019/12/09 v1.15 Implements pdfTeX's escape features (HO)
) (/usr/share/texlive/texmf-dist/tex/latex/hycolor/hycolor.sty
Package: hycolor 2020-01-27 v1.10 Color options for hyperref/bookmark (HO)
) (/usr/share/texlive/texmf-dist/tex/latex/letltxmacro/letltxmacro.sty
Package: letltxmacro 2019/12/03 v1.6 Let assignment for LaTeX macros (HO)
) (/usr/share/texlive/texmf-dist/tex/latex/auxhook/auxhook.sty
Package: auxhook 2019-12-17 v1.6 Hooks for auxiliary files (HO)
)
\@linkdim=\dimen174
\Hy@linkcounter=\count290
\Hy@pagecounter=\count291
(/usr/share/texlive/texmf-dist/tex/latex/hyperref/pd1enc.def
File: pd1enc.def 2021-06-07 v7.00m Hyperref: PDFDocEncoding definition (HO)
Now handling font encoding PD1 ...
... no UTF-8 mapping file for font encoding PD1
) (/usr/share/texlive/texmf-dist/tex/latex/hyperref/hyperref-langpatches.def
File: hyperref-langpatches.def 2021-06-07 v7.00m Hyperref: patches for babel la
nguages
) (/usr/share/texlive/texmf-dist/tex/generic/intcalc/intcalc.sty
Package: intcalc 2019/12/15 v1.3 Expandable calculations with integers (HO)
) (/usr/share/texlive/texmf-dist/tex/generic/etexcmds/etexcmds.sty
Package: etexcmds 2019/12/15 v1.7 Avoid name clashes with e-TeX commands (HO)
)
\Hy@SavedSpaceFactor=\count292
(/usr/share/texlive/texmf-dist/tex/latex/hyperref/puenc.def
File: puenc.def 2021-06-07 v7.00m Hyperref: PDF Unicode definition (HO)
Now handling font encoding PU ...
... no UTF-8 mapping file for font encoding PU
)
Package hyperref Info: Option `unicode' set `true' on input line 4073.
Package hyperref Info: Hyper figures OFF on input line 4192.
Package hyperref Info: Link nesting OFF on input line 4197.
Package hyperref Info: Hyper index ON on input line 4200.
Package hyperref Info: Plain pages OFF on input line 4207.
Package hyperref Info: Backreferencing OFF on input line 4212.
Package hyperref Info: Implicit mode ON; LaTeX internals redefined.
Package hyperref Info: Bookmarks ON on input line 4445.
\c@Hy@tempcnt=\count293
(/usr/share/texlive/texmf-dist/tex/latex/url/url.sty
\Urlmuskip=\muskip17
Package: url 2013/09/16  ver 3.4  Verb mode for urls, etc.
)
LaTeX Info: Redefining \url on input line 4804.
\XeTeXLinkMargin=\dimen175
(/usr/share/texlive/texmf-dist/tex/generic/bitset/bitset.sty
Package: bitset 2019/12/09 v1.3 Handle bit-vector datatype (HO)
(/usr/share/texlive/texmf-dist/tex/generic/bigintcalc/bigintcalc.sty
Package: bigintcalc 2019/12/15 v1.5 Expandable calculations on big integers (HO
)
))
\Fld@menulength=\count294
\Field@Width=\dimen176
\Fld@charsize=\dimen177
Package hyperref Info: Hyper figures OFF on input line 6076.
Package hyperref Info: Link nesting OFF on input line 6081.
Package hyperref Info: Hyper index ON on input line 6084.
Package hyperref Info: backreferencing OFF on input line 6091.
Package hyperref Info: Link coloring OFF on input line 6096.
Package hyperref Info: Link coloring with OCG OFF on input line 6101.
Package hyperref Info: PDF/A mode OFF on input line 6106.
LaTeX Info: Redefining \ref on input line 6146.
LaTeX Info: Redefining \pageref on input line 6150.
(/usr/share/texlive/texmf-dist/tex/latex/base/atbegshi-ltx.sty
Package: atbegshi-ltx 2021/01/10 v1.0c Emulation of the original atbegshi
package with kernel methods
)
\Hy@abspage=\count295
\c@Item=\count296
\c@Hfootnote=\count297
)
Package hyperref Info: Driver (autodetected): hpdftex.
(/usr/share/texlive/texmf-dist/tex/latex/hyperref/hpdftex.def
File: hpdftex.def 2021-06-07 v7.00m Hyperref driver for pdfTeX
(/usr/share/texlive/texmf-dist/tex/latex/base/atveryend-ltx.sty
Package: atveryend-ltx 2020/08/19 v1.0a Emulation of the original atveryend pac
kage
with kernel methods
)
\Fld@listcount=\count298
\c@bookmark@seq@number=\count299
(/usr/share/texlive/texmf-dist/tex/latex/rerunfilecheck/rerunfilecheck.sty
Package: rerunfilecheck 2019/12/05 v1.9 Rerun checks for auxiliary files (HO)
(/usr/share/texlive/texmf-dist/tex/generic/uniquecounter/uniquecounter.sty
Package: uniquecounter 2019/12/15 v1.4 Provide unlimited unique counter (HO)
)
Package uniquecounter Info: New unique counter `rerunfilecheck' on input line 2
86.
)
\Hy@SectionHShift=\skip63
) (/usr/share/texlive/texmf-dist/tex/latex/bookmark/bkm-pdftex.def
File: bkm-pdftex.def 2020-11-06 v1.29 bookmark driver for pdfTeX (HO)
\BKM@id=\count300
)) (/usr/share/texlive/texmf-dist/tex/latex/xurl/xurl.sty
Package: xurl 2022/01/09 v 0.10 modify URL breaks
)
LaTeX Font Info:    Trying to load font information for T1+lmr on input line 12
2.
(/usr/share/texmf/tex/latex/lm/t1lmr.fd
File: t1lmr.fd 2009/10/30 v1.6 Font defs for Latin Modern
) (/usr/share/texlive/texmf-dist/tex/latex/l3backend/l3backend-pdftex.def
File: l3backend-pdftex.def 2022-01-12 L3 backend support: PDF output (pdfTeX)
\l__color_backend_stack_int=\count301
\l__pdf_internal_box=\box62
) (./_main.aux)
\openout1 = `_main.aux'.

LaTeX Font Info:    Checking defaults for OML/cmm/m/it on input line 122.
LaTeX Font Info:    ... okay on input line 122.
LaTeX Font Info:    Checking defaults for OMS/cmsy/m/n on input line 122.
LaTeX Font Info:    ... okay on input line 122.
LaTeX Font Info:    Checking defaults for OT1/cmr/m/n on input line 122.
LaTeX Font Info:    ... okay on input line 122.
LaTeX Font Info:    Checking defaults for T1/cmr/m/n on input line 122.
LaTeX Font Info:    ... okay on input line 122.
LaTeX Font Info:    Checking defaults for TS1/cmr/m/n on input line 122.
LaTeX Font Info:    ... okay on input line 122.
LaTeX Font Info:    Checking defaults for OMX/cmex/m/n on input line 122.
LaTeX Font Info:    ... okay on input line 122.
LaTeX Font Info:    Checking defaults for U/cmr/m/n on input line 122.
LaTeX Font Info:    ... okay on input line 122.
LaTeX Font Info:    Checking defaults for PD1/pdf/m/n on input line 122.
LaTeX Font Info:    ... okay on input line 122.
LaTeX Font Info:    Checking defaults for PU/pdf/m/n on input line 122.
LaTeX Font Info:    ... okay on input line 122.
LaTeX Info: Redefining \microtypecontext on input line 122.
Package microtype Info: Applying patch `item' on input line 122.
Package microtype Info: Applying patch `toc' on input line 122.
Package microtype Info: Applying patch `eqnum' on input line 122.
Package microtype Info: Applying patch `footnote' on input line 122.
Package microtype Info: Generating PDF output.
Package microtype Info: Character protrusion enabled (level 2).
Package microtype Info: Using protrusion set `basicmath'.
Package microtype Info: Automatic font expansion enabled (level 2),
(microtype)             stretch: 20, shrink: 20, step: 1, non-selected.
Package microtype Info: Using default expansion set `alltext-nott'.
LaTeX Info: Redefining \showhyphens on input line 122.
Package microtype Info: No adjustment of tracking.
Package microtype Info: No adjustment of interword spacing.
Package microtype Info: No adjustment of character kerning.
(/usr/share/texlive/texmf-dist/tex/latex/microtype/mt-cmr.cfg
File: mt-cmr.cfg 2013/05/19 v2.2 microtype config. file: Computer Modern Roman 
(RS)
) (/usr/share/texlive/texmf-dist/tex/context/base/mkii/supp-pdf.mkii
[Loading MPS to PDF converter (version 2006.09.02).]
\scratchcounter=\count302
\scratchdimen=\dimen178
\scratchbox=\box63
\nofMPsegments=\count303
\nofMParguments=\count304
\everyMPshowfont=\toks28
\MPscratchCnt=\count305
\MPscratchDim=\dimen179
\MPnumerator=\count306
\makeMPintoPDFobject=\count307
\everyMPtoPDFconversion=\toks29
) (/usr/share/texlive/texmf-dist/tex/latex/epstopdf-pkg/epstopdf-base.sty
Package: epstopdf-base 2020-01-24 v2.11 Base part for package epstopdf
Package epstopdf-base Info: Redefining graphics rule for `.eps' on input line 4
85.
(/usr/share/texlive/texmf-dist/tex/latex/latexconfig/epstopdf-sys.cfg
File: epstopdf-sys.cfg 2010/07/13 v1.3 Configuration of (r)epstopdf for TeX Liv
e
))
Package hyperref Info: Link coloring OFF on input line 122.
(/usr/share/texlive/texmf-dist/tex/latex/hyperref/nameref.sty
Package: nameref 2021-04-02 v2.47 Cross-referencing by name of section
(/usr/share/texlive/texmf-dist/tex/latex/refcount/refcount.sty
Package: refcount 2019/12/15 v3.6 Data extraction from label references (HO)
) (/usr/share/texlive/texmf-dist/tex/generic/gettitlestring/gettitlestring.sty
Package: gettitlestring 2019/12/15 v1.6 Cleanup title references (HO)
)
\c@section@level=\count308
)
LaTeX Info: Redefining \ref on input line 122.
LaTeX Info: Redefining \pageref on input line 122.
LaTeX Info: Redefining \nameref on input line 122.
LaTeX Font Info:    Trying to load font information for OT1+lmr on input line 1
24.
(/usr/share/texmf/tex/latex/lm/ot1lmr.fd
File: ot1lmr.fd 2009/10/30 v1.6 Font defs for Latin Modern
)
LaTeX Font Info:    Trying to load font information for OML+lmm on input line 1
24.
(/usr/share/texmf/tex/latex/lm/omllmm.fd
File: omllmm.fd 2009/10/30 v1.6 Font defs for Latin Modern
)
LaTeX Font Info:    Trying to load font information for OMS+lmsy on input line 
124.
(/usr/share/texmf/tex/latex/lm/omslmsy.fd
File: omslmsy.fd 2009/10/30 v1.6 Font defs for Latin Modern
)
LaTeX Font Info:    Trying to load font information for OMX+lmex on input line 
124.
(/usr/share/texmf/tex/latex/lm/omxlmex.fd
File: omxlmex.fd 2009/10/30 v1.6 Font defs for Latin Modern
)
LaTeX Font Info:    External font `lmex10' loaded for size
(Font)              <12> on input line 124.
LaTeX Font Info:    External font `lmex10' loaded for size
(Font)              <8> on input line 124.
LaTeX Font Info:    External font `lmex10' loaded for size
(Font)              <6> on input line 124.
LaTeX Font Info:    Trying to load font information for U+msa on input line 124
.
(/usr/share/texlive/texmf-dist/tex/latex/amsfonts/umsa.fd
File: umsa.fd 2013/01/14 v3.01 AMS symbols A
) (/usr/share/texlive/texmf-dist/tex/latex/microtype/mt-msa.cfg
File: mt-msa.cfg 2006/02/04 v1.1 microtype config. file: AMS symbols (a) (RS)
)
LaTeX Font Info:    Trying to load font information for U+msb on input line 124
.
(/usr/share/texlive/texmf-dist/tex/latex/amsfonts/umsb.fd
File: umsb.fd 2013/01/14 v3.01 AMS symbols B
) (/usr/share/texlive/texmf-dist/tex/latex/microtype/mt-msb.cfg
File: mt-msb.cfg 2005/06/01 v1.0 microtype config. file: AMS symbols (b) (RS)
) [1


{/var/lib/texmf/fonts/map/pdftex/updmap/pdftex.map}] [2

] (./_main.toc
LaTeX Font Info:    External font `lmex10' loaded for size
(Font)              <10> on input line 2.
LaTeX Font Info:    External font `lmex10' loaded for size
(Font)              <7> on input line 2.
LaTeX Font Info:    External font `lmex10' loaded for size
(Font)              <5> on input line 2.
)
\tf@toc=\write4
\openout4 = `_main.toc'.

[3] [4

]
Underfull \hbox (badness 1924) in paragraph at lines 166--168
[]\T1/lmr/m/n/10 (+20) conda[] en-vi-ron-ment man-age-ment sys-tem. The en-vi-r
on-ment file is at
 []

[5]
LaTeX Font Info:    Trying to load font information for T1+lmtt on input line 1
70.
(/usr/share/texmf/tex/latex/lm/t1lmtt.fd
File: t1lmtt.fd 2009/10/30 v1.6 Font defs for Latin Modern
)
LaTeX Font Info:    Font shape `T1/lmtt/bx/n' in size <10> not available
(Font)              Font shape `T1/lmtt/b/n' tried instead on input line 171.
[6]
<figures/anaximander-map.png, id=97, 602.25pt x 602.25pt>
File: figures/anaximander-map.png Graphic file (type png)
<use figures/anaximander-map.png>
Package pdftex.def Info: figures/anaximander-map.png  used on input line 182.
(pdftex.def)             Requested size: 550.05168pt x 550.05168pt.

Overfull \hbox (205.05168pt too wide) in paragraph at lines 182--182
[][] 
 []


LaTeX Warning: Float too large for page by 23.99611pt on input line 183.

<figures/portolan-chart.png, id=99, 1284.8pt x 842.14626pt>
File: figures/portolan-chart.png Graphic file (type png)
<use figures/portolan-chart.png>
Package pdftex.def Info: figures/portolan-chart.png  used on input line 188.
(pdftex.def)             Requested size: 839.10942pt x 550.01001pt.

Overfull \hbox (494.10942pt too wide) in paragraph at lines 188--188
[][] 
 []


LaTeX Warning: Float too large for page by 23.95444pt on input line 189.

<figures/qgis.jpg, id=100, 1027.84pt x 666.49pt>
File: figures/qgis.jpg Graphic file (type jpg)
<use figures/qgis.jpg>
Package pdftex.def Info: figures/qgis.jpg  used on input line 199.
(pdftex.def)             Requested size: 345.00685pt x 223.71538pt.
[7

] [8 <./figures/anaximander-map.png>] [9 <./figures/portolan-chart.png>] [10 <.
/figures/qgis.jpg>]
Chapter 1.
LaTeX Font Info:    Trying to load font information for TS1+lmr on input line 2
36.
(/usr/share/texmf/tex/latex/lm/ts1lmr.fd
File: ts1lmr.fd 2009/10/30 v1.6 Font defs for Latin Modern
) [11

] [12]
Chapter 2.
[13

]
<_main_files/figure-latex/unnamed-chunk-5-1.pdf, id=146, 260.975pt x 265.99374p
t>
File: _main_files/figure-latex/unnamed-chunk-5-1.pdf Graphic file (type pdf)
<use _main_files/figure-latex/unnamed-chunk-5-1.pdf>
Package pdftex.def Info: _main_files/figure-latex/unnamed-chunk-5-1.pdf  used o
n input line 360.
(pdftex.def)             Requested size: 260.97833pt x 265.99713pt.

Underfull \vbox (badness 10000) has occurred while \output is active []

[14] [15 <./_main_files/figure-latex/unnamed-chunk-5-1.pdf>]
<_main_files/figure-latex/unnamed-chunk-7-1.pdf, id=164, 260.975pt x 265.99374p
t>
File: _main_files/figure-latex/unnamed-chunk-7-1.pdf Graphic file (type pdf)
<use _main_files/figure-latex/unnamed-chunk-7-1.pdf>
Package pdftex.def Info: _main_files/figure-latex/unnamed-chunk-7-1.pdf  used o
n input line 406.
(pdftex.def)             Requested size: 260.97833pt x 265.99713pt.
[16 <./_main_files/figure-latex/unnamed-chunk-7-1.pdf>] [17] [18

]
Chapter 3.
[19]
<_main_files/figure-latex/unnamed-chunk-10-1.pdf, id=194, 325.215pt x 289.08pt>

File: _main_files/figure-latex/unnamed-chunk-10-1.pdf Graphic file (type pdf)
<use _main_files/figure-latex/unnamed-chunk-10-1.pdf>
Package pdftex.def Info: _main_files/figure-latex/unnamed-chunk-10-1.pdf  used 
on input line 593.
(pdftex.def)             Requested size: 325.22908pt x 289.09251pt.

Underfull \vbox (badness 10000) has occurred while \output is active []

[20] [21 <./_main_files/figure-latex/unnamed-chunk-10-1.pdf>] [22] [23]
<_main_files/figure-latex/stack-1-1.pdf, id=221, 467.7475pt x 209.78375pt>
File: _main_files/figure-latex/stack-1-1.pdf Graphic file (type pdf)
<use _main_files/figure-latex/stack-1-1.pdf>
Package pdftex.def Info: _main_files/figure-latex/stack-1-1.pdf  used on input 
line 786.
(pdftex.def)             Requested size: 345.0143pt x 154.73816pt.
<_main_files/figure-latex/stack-2-1.pdf, id=222, 319.1925pt x 289.08pt>
File: _main_files/figure-latex/stack-2-1.pdf Graphic file (type pdf)
<use _main_files/figure-latex/stack-2-1.pdf>
Package pdftex.def Info: _main_files/figure-latex/stack-2-1.pdf  used on input 
line 796.
(pdftex.def)             Requested size: 319.19171pt x 289.07928pt.

Underfull \vbox (badness 10000) has occurred while \output is active []

[24 <./_main_files/figure-latex/stack-1-1.pdf>] [25 <./_main_files/figure-latex
/stack-2-1.pdf>]
<_main_files/figure-latex/unnamed-chunk-14-1.pdf, id=250, 309.155pt x 288.07625
pt>
File: _main_files/figure-latex/unnamed-chunk-14-1.pdf Graphic file (type pdf)
<use _main_files/figure-latex/unnamed-chunk-14-1.pdf>
Package pdftex.def Info: _main_files/figure-latex/unnamed-chunk-14-1.pdf  used 
on input line 846.
(pdftex.def)             Requested size: 309.16367pt x 288.08432pt.
<_main_files/figure-latex/create-raster-1.pdf, id=251, 385.44pt x 305.14pt>
File: _main_files/figure-latex/create-raster-1.pdf Graphic file (type pdf)
<use _main_files/figure-latex/create-raster-1.pdf>
Package pdftex.def Info: _main_files/figure-latex/create-raster-1.pdf  used on 
input line 858.
(pdftex.def)             Requested size: 344.99901pt x 273.12419pt.

Underfull \vbox (badness 10000) has occurred while \output is active []

[26 <./_main_files/figure-latex/unnamed-chunk-14-1.pdf>]
<_main_files/figure-latex/unnamed-chunk-16-1.pdf, id=264, 309.155pt x 288.07625
pt>
File: _main_files/figure-latex/unnamed-chunk-16-1.pdf Graphic file (type pdf)
<use _main_files/figure-latex/unnamed-chunk-16-1.pdf>
Package pdftex.def Info: _main_files/figure-latex/unnamed-chunk-16-1.pdf  used 
on input line 869.
(pdftex.def)             Requested size: 309.16367pt x 288.08432pt.

Underfull \vbox (badness 10000) has occurred while \output is active []

[27 <./_main_files/figure-latex/create-raster-1.pdf>] [28 <./_main_files/figure
-latex/unnamed-chunk-16-1.pdf>]
Chapter 4.

Overfull \hbox (24.53183pt too wide) in paragraph at lines 885--887
[]\T1/lmr/m/n/10 (-20) ``data/ISTAT/Limiti01012024_g/Reg01012024_g/Reg01012024_
g_WGS84.shp''
 []


Overfull \hbox (58.379pt too wide) in paragraph at lines 887--889
[]\T1/lmr/m/n/10 (-20) data/ISTAT/Limiti01012024_g/ProvCM01012024_g/ProvCM01012
024_g_WGS84.shp
 []

<_main_files/figure-latex/eu-show-1.pdf, id=292, 205.76875pt x 265.99374pt>
File: _main_files/figure-latex/eu-show-1.pdf Graphic file (type pdf)
<use _main_files/figure-latex/eu-show-1.pdf>
Package pdftex.def Info: _main_files/figure-latex/eu-show-1.pdf  used on input 
line 899.
(pdftex.def)             Requested size: 205.76823pt x 265.99309pt.

Underfull \vbox (badness 10000) has occurred while \output is active []

[29

]
<_main_files/figure-latex/reg-show-1.pdf, id=297, 323.2075pt x 273.02pt>
File: _main_files/figure-latex/reg-show-1.pdf Graphic file (type pdf)
<use _main_files/figure-latex/reg-show-1.pdf>
Package pdftex.def Info: _main_files/figure-latex/reg-show-1.pdf  used on input
 line 908.
(pdftex.def)             Requested size: 323.2215pt x 273.03183pt.

Underfull \vbox (badness 10000) has occurred while \output is active []

[30 <./_main_files/figure-latex/eu-show-1.pdf>]
<_main_files/figure-latex/province-show-1.pdf, id=310, 328.22626pt x 301.125pt>

File: _main_files/figure-latex/province-show-1.pdf Graphic file (type pdf)
<use _main_files/figure-latex/province-show-1.pdf>
Package pdftex.def Info: _main_files/figure-latex/province-show-1.pdf  used on 
input line 917.
(pdftex.def)             Requested size: 328.23045pt x 301.12885pt.

Underfull \vbox (badness 10000) has occurred while \output is active []

[31 <./_main_files/figure-latex/reg-show-1.pdf>]
<_main_files/figure-latex/bio1-show-1.pdf, id=323, 379.4175pt x 288.07625pt>
File: _main_files/figure-latex/bio1-show-1.pdf Graphic file (type pdf)
<use _main_files/figure-latex/bio1-show-1.pdf>
Package pdftex.def Info: _main_files/figure-latex/bio1-show-1.pdf  used on inpu
t line 926.
(pdftex.def)             Requested size: 345.00414pt x 261.94759pt.

Underfull \vbox (badness 10000) has occurred while \output is active []

[32 <./_main_files/figure-latex/province-show-1.pdf>]
<_main_files/figure-latex/centroid-square-1.pdf, id=335, 263.98625pt x 265.9937
4pt>
File: _main_files/figure-latex/centroid-square-1.pdf Graphic file (type pdf)
<use _main_files/figure-latex/centroid-square-1.pdf>
Package pdftex.def Info: _main_files/figure-latex/centroid-square-1.pdf  used o
n input line 944.
(pdftex.def)             Requested size: 264.0017pt x 266.00931pt.

Underfull \vbox (badness 10000) has occurred while \output is active []

[33 <./_main_files/figure-latex/bio1-show-1.pdf>]
<_main_files/figure-latex/centroid-outside-1.pdf, id=350, 263.98625pt x 265.993
74pt>
File: _main_files/figure-latex/centroid-outside-1.pdf Graphic file (type pdf)
<use _main_files/figure-latex/centroid-outside-1.pdf>
Package pdftex.def Info: _main_files/figure-latex/centroid-outside-1.pdf  used 
on input line 958.
(pdftex.def)             Requested size: 264.0017pt x 266.00931pt.

Underfull \vbox (badness 10000) has occurred while \output is active []

[34 <./_main_files/figure-latex/centroid-square-1.pdf>]
<_main_files/figure-latex/centroid-eu-1.pdf, id=365, 205.76875pt x 265.99374pt>

File: _main_files/figure-latex/centroid-eu-1.pdf Graphic file (type pdf)
<use _main_files/figure-latex/centroid-eu-1.pdf>
Package pdftex.def Info: _main_files/figure-latex/centroid-eu-1.pdf  used on in
put line 971.
(pdftex.def)             Requested size: 205.76823pt x 265.99309pt.

Underfull \vbox (badness 10000) has occurred while \output is active []

[35 <./_main_files/figure-latex/centroid-outside-1.pdf>]
<_main_files/figure-latex/zonal-1.pdf, id=380, 436.63126pt x 248.93pt>
File: _main_files/figure-latex/zonal-1.pdf Graphic file (type pdf)
<use _main_files/figure-latex/zonal-1.pdf>
Package pdftex.def Info: _main_files/figure-latex/zonal-1.pdf  used on input li
ne 994.
(pdftex.def)             Requested size: 345.00154pt x 196.69052pt.

Underfull \vbox (badness 10000) has occurred while \output is active []

[36 <./_main_files/figure-latex/centroid-eu-1.pdf>] [37 <./_main_files/figure-l
atex/zonal-1.pdf>] [38

]
Chapter 5.

Overfull \hbox (85.49875pt too wide) in paragraph at lines 1028--1028
[]\T1/lmtt/m/n/10 ##  extent      : -10.38743, 34.39352, 34.57181, 70.0864  (xm
in, xmax, ymin, ymax)[] 
 []


Overfull \hbox (74.99878pt too wide) in paragraph at lines 1028--1028
[]\T1/lmtt/m/n/10 ##  names       : CNTR_ID NAME_ENGL NAME_FREN ISO3_CODE      
   SVRG_UN     CAPT[] 
 []


Overfull \hbox (74.99878pt too wide) in paragraph at lines 1028--1028
[]\T1/lmtt/m/n/10 ##  type        :   <chr>     <chr>     <chr>     <chr>      
     <chr>    <chr>[] 
 []


Overfull \hbox (74.99878pt too wide) in paragraph at lines 1028--1028
[]\T1/lmtt/m/n/10 ##  values      :      AT   Austria  Autriche       AUT UN Me
mber State   Vienna[] 
 []


Overfull \hbox (74.99878pt too wide) in paragraph at lines 1028--1028
[]\T1/lmtt/m/n/10 ##                     BE   Belgium  Belgique       BEL UN Me
mber State Brussels[] 
 []


Overfull \hbox (74.99878pt too wide) in paragraph at lines 1028--1028
[]\T1/lmtt/m/n/10 ##                     BG  Bulgaria  Bulgarie       BGR UN Me
mber State    Sofia[] 
 []


Overfull \hbox (43.49887pt too wide) in paragraph at lines 1043--1043
[]\T1/lmtt/m/n/10 ##  [1] "CNTR_ID"   "NAME_ENGL" "NAME_FREN" "ISO3_CODE" "SVRG
_UN"   "CAPT"[] 
 []

[39]
<_main_files/figure-latex/unnamed-chunk-22-1.pdf, id=412, 205.76875pt x 265.993
74pt>
File: _main_files/figure-latex/unnamed-chunk-22-1.pdf Graphic file (type pdf)
<use _main_files/figure-latex/unnamed-chunk-22-1.pdf>
Package pdftex.def Info: _main_files/figure-latex/unnamed-chunk-22-1.pdf  used 
on input line 1057.
(pdftex.def)             Requested size: 205.76823pt x 265.99309pt.

Overfull \hbox (2537.24162pt too wide) in paragraph at lines 1084--1084
[]\T1/lmtt/m/n/10 ## [1] "GEOGCRS[\"WGS 84\",\n    DATUM[\"World Geodetic Syste
m 1984\",\n        ELLIPSOID[\"WGS 84\",6378137,298.257223563,\n            LEN
GTHUNIT[\"metre\",1]]],\n    PRIMEM[\"Greenwich\",0,\n        ANGLEUNIT[\"degre
e\",0.0174532925199433]],\n    CS[ellipsoidal,2],\n        AXIS[\"geodetic lati
tude (Lat)\",north,\n            ORDER[1],\n            ANGLEUNIT[\"degree\",0.
0174532925199433]],\n        AXIS[\"geodetic longitude (Lon)\",east,\n         
   ORDER[2],\n            ANGLEUNIT[\"degree\",0.0174532925199433]],\n    ID[\"
EPSG\",4326]]"[] 
 []

[40 <./_main_files/figure-latex/unnamed-chunk-22-1.pdf>]
Overfull \hbox (85.49875pt too wide) in paragraph at lines 1114--1114
[]\T1/lmtt/m/n/10 ##  extent      : -10.38743, 34.39352, 34.57181, 70.0864  (xm
in, xmax, ymin, ymax)[] 
 []

<_main_files/figure-latex/unnamed-chunk-25-1.pdf, id=424, 205.76875pt x 265.993
74pt>
File: _main_files/figure-latex/unnamed-chunk-25-1.pdf Graphic file (type pdf)
<use _main_files/figure-latex/unnamed-chunk-25-1.pdf>
Package pdftex.def Info: _main_files/figure-latex/unnamed-chunk-25-1.pdf  used 
on input line 1129.
(pdftex.def)             Requested size: 205.76823pt x 265.99309pt.

Underfull \vbox (badness 10000) has occurred while \output is active []

[41]
<_main_files/figure-latex/unnamed-chunk-26-1.pdf, id=429, 205.76875pt x 265.993
74pt>
File: _main_files/figure-latex/unnamed-chunk-26-1.pdf Graphic file (type pdf)
<use _main_files/figure-latex/unnamed-chunk-26-1.pdf>
Package pdftex.def Info: _main_files/figure-latex/unnamed-chunk-26-1.pdf  used 
on input line 1147.
(pdftex.def)             Requested size: 205.76823pt x 265.99309pt.

Underfull \vbox (badness 10000) has occurred while \output is active []

[42 <./_main_files/figure-latex/unnamed-chunk-25-1.pdf>] [43 <./_main_files/fig
ure-latex/unnamed-chunk-26-1.pdf>] [44]
Chapter 6.
[45

]
Underfull \vbox (badness 10000) detected at line 1329
 []


Underfull \vbox (badness 10000) detected at line 1329
 []

[46]
<_main_files/figure-latex/unnamed-chunk-30-1.pdf, id=470, 432.61626pt x 313.17p
t>
File: _main_files/figure-latex/unnamed-chunk-30-1.pdf Graphic file (type pdf)
<use _main_files/figure-latex/unnamed-chunk-30-1.pdf>
Package pdftex.def Info: _main_files/figure-latex/unnamed-chunk-30-1.pdf  used 
on input line 1331.
(pdftex.def)             Requested size: 345.01088pt x 249.75264pt.
[47 <./_main_files/figure-latex/unnamed-chunk-30-1.pdf>] (./_main.aux) ) 
Here is how much of TeX's memory you used:
 14114 strings out of 480236
 226836 string characters out of 5895676
 541592 words of memory out of 5000000
 31552 multiletter control sequences out of 15000+600000
 540175 words of font info for 154 fonts, out of 8000000 for 9000
 14 hyphenation exceptions out of 8191
 74i,6n,77p,1002b,505s stack positions out of 5000i,500n,10000p,200000b,80000s
{/usr/s
hare/texmf/fonts/enc/dvips/lm/lm-mathsy.enc}{/usr/share/texmf/fonts/enc/dvips/l
m/lm-rm.enc}{/usr/share/texmf/fonts/enc/dvips/lm/lm-mathit.enc}{/usr/share/texm
f/fonts/enc/dvips/lm/lm-ec.enc}{/usr/share/texmf/fonts/enc/dvips/lm/lm-ts1.enc}
</usr/share/texmf/fonts/type1/public/lm/lmbx10.pfb></usr/share/texmf/fonts/type
1/public/lm/lmbx12.pfb></usr/share/texmf/fonts/type1/public/lm/lmmi10.pfb></usr
/share/texmf/fonts/type1/public/lm/lmmi7.pfb></usr/share/texmf/fonts/type1/publ
ic/lm/lmr10.pfb></usr/share/texmf/fonts/type1/public/lm/lmr12.pfb></usr/share/t
exmf/fonts/type1/public/lm/lmr17.pfb></usr/share/texmf/fonts/type1/public/lm/lm
r7.pfb></usr/share/texmf/fonts/type1/public/lm/lmri10.pfb></usr/share/texmf/fon
ts/type1/public/lm/lmro10.pfb></usr/share/texmf/fonts/type1/public/lm/lmsy10.pf
b></usr/share/texmf/fonts/type1/public/lm/lmsy7.pfb></usr/share/texmf/fonts/typ
e1/public/lm/lmtk10.pfb></usr/share/texmf/fonts/type1/public/lm/lmtt10.pfb></us
r/share/texmf/fonts/type1/public/lm/lmtti10.pfb>
Output written on _main.pdf (47 pages, 4578051 bytes).
PDF statistics:
 657 PDF objects out of 1000 (max. 8388607)
 496 compressed objects within 5 object streams
 88 named destinations out of 1000 (max. 500000)
 39236 words of extra memory for PDF output out of 42996 (max. 10000000)

